# JRE version: OpenJDK Runtime Environment Temurin-11.0.14.1+1 (11.0.14.1+1) (build 11.0.14.1+1)
# Java VM: OpenJDK 64-Bit Server VM Temurin-11.0.14.1+1 (11.0.14.1+1, mixed mode, tiered, compressed oops, g1 gc, bsd-amd64)
Heap:
 garbage-first heap   total 131072K, used 73449K [0x0000000780000000, 0x0000000800000000)
  region size 1024K, 49 young (50176K), 3 survivors (3072K)
 Metaspace       used 31710K, capacity 32935K, committed 33280K, reserved 1079296K
  class space    used 3765K, capacity 4288K, committed 4352K, reserved 1048576K
GC Heap History (8 events):
Event: 0.902 GC heap before
{Heap before GC invocations=0 (full 0):
 garbage-first heap   total 131072K, used 13312K [0x0000000780000000, 0x0000000800000000)
  region size 1024K, 14 young (14336K), 0 survivors (0K)
 Metaspace       used 10530K, capacity 10716K, committed 11008K, reserved 1058816K
  class space    used 921K, capacity 973K, committed 1024K, reserved 1048576K
}
Event: 0.907 GC heap after
{Heap after GC invocations=1 (full 0):
 garbage-first heap   total 131072K, used 2489K [0x0000000780000000, 0x0000000800000000)
  region size 1024K, 2 young (2048K), 2 survivors (2048K)
 Metaspace       used 10530K, capacity 10716K, committed 11008K, reserved 1058816K
  class space    used 921K, capacity 973K, committed 1024K, reserved 1048576K
}
Event: 2.660 GC heap before
{Heap before GC invocations=1 (full 0):
 garbage-first heap   total 131072K, used 65977K [0x0000000780000000, 0x0000000800000000)
  region size 1024K, 66 young (67584K), 2 survivors (2048K)
 Metaspace       used 20505K, capacity 21033K, committed 21248K, reserved 1069056K
  class space    used 2215K, capacity 2461K, committed 2560K, reserved 1048576K
}
Event: 2.674 GC heap after
{Heap after GC invocations=2 (full 0):
 garbage-first heap   total 131072K, used 6416K [0x0000000780000000, 0x0000000800000000)
  region size 1024K, 6 young (6144K), 6 survivors (6144K)
 Metaspace       used 20505K, capacity 21033K, committed 21248K, reserved 1069056K
  class space    used 2215K, capacity 2461K, committed 2560K, reserved 1048576K
}
Event: 3.218 GC heap before
{Heap before GC invocations=3 (full 0):
 garbage-first heap   total 131072K, used 38160K [0x0000000780000000, 0x0000000800000000)
  region size 1024K, 36 young (36864K), 6 survivors (6144K)
 Metaspace       used 22804K, capacity 23361K, committed 23808K, reserved 1071104K
  class space    used 2493K, capacity 2703K, committed 2816K, reserved 1048576K
}
Event: 3.260 GC heap after
{Heap after GC invocations=4 (full 0):
 garbage-first heap   total 131072K, used 23166K [0x0000000780000000, 0x0000000800000000)
  region size 1024K, 5 young (5120K), 5 survivors (5120K)
 Metaspace       used 22804K, capacity 23361K, committed 23808K, reserved 1071104K
  class space    used 2493K, capacity 2703K, committed 2816K, reserved 1048576K
}
Event: 4.367 GC heap before
{Heap before GC invocations=4 (full 0):
 garbage-first heap   total 131072K, used 61054K [0x0000000780000000, 0x0000000800000000)
  region size 1024K, 42 young (43008K), 5 survivors (5120K)
 Metaspace       used 27822K, capacity 28915K, committed 29056K, reserved 1075200K
  class space    used 3432K, capacity 3867K, committed 3968K, reserved 1048576K
}
Event: 4.393 GC heap after
{Heap after GC invocations=5 (full 0):
 garbage-first heap   total 131072K, used 26345K [0x0000000780000000, 0x0000000800000000)
  region size 1024K, 3 young (3072K), 3 survivors (3072K)
 Metaspace       used 27822K, capacity 28915K, committed 29056K, reserved 1075200K
  class space    used 3432K, capacity 3867K, committed 3968K, reserved 1048576K
}

